<?xml version="1.0" encoding="UTF-8"?>
<testsuite xmlns:xsi="http://www.w3.org/2001/XMLSchema-instance" xsi:noNamespaceSchemaLocation="https://maven.apache.org/surefire/maven-surefire-plugin/xsd/surefire-test-report-3.0.xsd" version="3.0" name="com.ayash7.online_nurse_appointment_system.Repository.CustomerRepositoryTests" time="3.651" tests="2" errors="0" skipped="0" failures="0">
  <properties>
[...]
</properties>
  <testcase name="customerRepositorySaveIncrementCustomerID" classname="com.ayash7.online_nurse_appointment_system.Repository.CustomerRepositoryTests" time="0.405">
    <system-out><![CDATA[13:10:25.075 [main] INFO org.springframework.test.context.support.AnnotationConfigContextLoaderUtils -- Could not detect default configuration classes for test class [com.ayash7.online_nurse_appointment_system.Repository.CustomerRepositoryTests]: CustomerRepositoryTests does not declare any static, non-private, non-final, nested classes annotated with @Configuration.
13:10:25.131 [main] INFO org.springframework.boot.test.context.SpringBootTestContextBootstrapper -- Found @SpringBootConfiguration com.ayash7.online_nurse_appointment_system.OnlineNurseAppointmentSystemApplication for test class com.ayash7.online_nurse_appointment_system.Repository.CustomerRepositoryTests

  .   ____          _            __ _ _
 /\\ / ___'_ __ _ _(_)_ __  __ _ \ \ \ \
( ( )\___ | '_ | '_| | '_ \/ _` | \ \ \ \
 \\/  ___)| |_)| | | | | || (_| |  ) ) ) )
  '  |____| .__|_| |_|_| |_\__, | / / / /
 =========|_|==============|___/=/_/_/_/
 :: Spring Boot ::       (v3.2.0-SNAPSHOT)

2023-08-27T13:10:25.328+05:30  INFO 50573 --- [           main] c.a.o.R.CustomerRepositoryTests          : Starting CustomerRepositoryTests using Java 17.0.8 with PID 50573 (started by ayaskang in /Users/ayaskang/Documents/Spring_Boot_Workspace/online_nurse_appointment_system)
2023-08-27T13:10:25.330+05:30  INFO 50573 --- [           main] c.a.o.R.CustomerRepositoryTests          : No active profile set, falling back to 1 default profile: "default"
2023-08-27T13:10:25.934+05:30  INFO 50573 --- [           main] .s.d.r.c.RepositoryConfigurationDelegate : Bootstrapping Spring Data JPA repositories in DEFAULT mode.
2023-08-27T13:10:25.977+05:30  INFO 50573 --- [           main] .s.d.r.c.RepositoryConfigurationDelegate : Finished Spring Data repository scanning in 38 ms. Found 5 JPA repository interfaces.
2023-08-27T13:10:26.354+05:30  INFO 50573 --- [           main] o.hibernate.jpa.internal.util.LogHelper  : HHH000204: Processing PersistenceUnitInfo [name: default]
2023-08-27T13:10:26.376+05:30  INFO 50573 --- [           main] org.hibernate.Version                    : HHH000412: Hibernate ORM core version 6.2.7.Final
2023-08-27T13:10:26.377+05:30  INFO 50573 --- [           main] org.hibernate.cfg.Environment            : HHH000406: Using bytecode reflection optimizer
2023-08-27T13:10:26.450+05:30  INFO 50573 --- [           main] o.h.b.i.BytecodeProviderInitiator        : HHH000021: Bytecode provider name : bytebuddy
2023-08-27T13:10:26.516+05:30  INFO 50573 --- [           main] o.s.o.j.p.SpringPersistenceUnitInfo      : No LoadTimeWeaver setup: ignoring JPA class transformer
2023-08-27T13:10:26.526+05:30  INFO 50573 --- [           main] com.zaxxer.hikari.HikariDataSource       : HikariPool-1 - Starting...
2023-08-27T13:10:26.725+05:30  INFO 50573 --- [           main] com.zaxxer.hikari.pool.HikariPool        : HikariPool-1 - Added connection com.mysql.cj.jdbc.ConnectionImpl@aedc426
2023-08-27T13:10:26.726+05:30  INFO 50573 --- [           main] com.zaxxer.hikari.HikariDataSource       : HikariPool-1 - Start completed.
2023-08-27T13:10:26.863+05:30  INFO 50573 --- [           main] o.h.b.i.BytecodeProviderInitiator        : HHH000021: Bytecode provider name : bytebuddy
2023-08-27T13:10:27.201+05:30  INFO 50573 --- [           main] o.h.e.t.j.p.i.JtaPlatformInitiator       : HHH000490: Using JtaPlatform implementation: [org.hibernate.engine.transaction.jta.platform.internal.NoJtaPlatform]
2023-08-27T13:10:27.279+05:30  INFO 50573 --- [           main] j.LocalContainerEntityManagerFactoryBean : Initialized JPA EntityManagerFactory for persistence unit 'default'
2023-08-27T13:10:27.610+05:30  WARN 50573 --- [           main] JpaBaseConfiguration$JpaWebConfiguration : spring.jpa.open-in-view is enabled by default. Therefore, database queries may be performed during view rendering. Explicitly configure spring.jpa.open-in-view to disable this warning
2023-08-27T13:10:27.917+05:30  INFO 50573 --- [           main] o.s.b.a.e.web.EndpointLinksResolver      : Exposing 1 endpoint(s) beneath base path '/actuator'
2023-08-27T13:10:27.930+05:30  INFO 50573 --- [           main] o.s.s.web.DefaultSecurityFilterChain     : Will secure any request with [org.springframework.security.web.session.DisableEncodeUrlFilter@28d74041, org.springframework.security.web.context.request.async.WebAsyncManagerIntegrationFilter@5702232d, org.springframework.security.web.context.SecurityContextHolderFilter@59e67a18, org.springframework.security.web.header.HeaderWriterFilter@701996e9, org.springframework.web.filter.CorsFilter@5cbf9aee, org.springframework.security.web.authentication.logout.LogoutFilter@5fdcc63f, org.springframework.security.web.authentication.www.BasicAuthenticationFilter@6e2764c9, org.springframework.security.web.savedrequest.RequestCacheAwareFilter@2a1be9f8, org.springframework.security.web.servletapi.SecurityContextHolderAwareRequestFilter@1d7f2719, org.springframework.security.web.authentication.AnonymousAuthenticationFilter@35920655, org.springframework.security.web.access.ExceptionTranslationFilter@253379ec, org.springframework.security.web.access.intercept.AuthorizationFilter@66c9aca2]
2023-08-27T13:10:27.934+05:30  WARN 50573 --- [           main] o.s.s.c.a.web.builders.WebSecurity       : You are asking Spring Security to ignore Ant [pattern='/api/customer/register']. This is not recommended -- please use permitAll via HttpSecurity#authorizeHttpRequests instead.
2023-08-27T13:10:27.934+05:30  INFO 50573 --- [           main] o.s.s.web.DefaultSecurityFilterChain     : Will not secure Ant [pattern='/api/customer/register']
2023-08-27T13:10:27.934+05:30  WARN 50573 --- [           main] o.s.s.c.a.web.builders.WebSecurity       : You are asking Spring Security to ignore Ant [pattern='/api/nurse/register']. This is not recommended -- please use permitAll via HttpSecurity#authorizeHttpRequests instead.
2023-08-27T13:10:27.934+05:30  INFO 50573 --- [           main] o.s.s.web.DefaultSecurityFilterChain     : Will not secure Ant [pattern='/api/nurse/register']
2023-08-27T13:10:27.934+05:30  WARN 50573 --- [           main] o.s.s.c.a.web.builders.WebSecurity       : You are asking Spring Security to ignore Ant [pattern='/error']. This is not recommended -- please use permitAll via HttpSecurity#authorizeHttpRequests instead.
2023-08-27T13:10:27.934+05:30  INFO 50573 --- [           main] o.s.s.web.DefaultSecurityFilterChain     : Will not secure Ant [pattern='/error']
2023-08-27T13:10:28.199+05:30  INFO 50573 --- [           main] c.a.o.R.CustomerRepositoryTests          : Started CustomerRepositoryTests in 3.005 seconds (process running for 3.588)
]]></system-out>
  </testcase>
  <testcase name="customerRepositorySaveReturnSavedCustomer" classname="com.ayash7.online_nurse_appointment_system.Repository.CustomerRepositoryTests" time="0.01"/>
</testsuite>